

Started GET "/" for 127.0.0.1 at 2015-04-01 12:47:04 -0400
Processing by Rails::WelcomeController#index as HTML
  Rendered /home/cindy/.gem/ruby/2.2.0/gems/railties-4.2.0/lib/rails/templates/rails/welcome/index.html.erb (3.8ms)
Completed 200 OK in 87ms (Views: 56.1ms | ActiveRecord: 0.0ms)
  [1m[36m (35.0ms)[0m  [1mCREATE TABLE "schema_migrations" ("version" varchar NOT NULL) [0m
  [1m[35m (0.2ms)[0m  select sqlite_version(*)
  [1m[36m (10.2ms)[0m  [1mCREATE UNIQUE INDEX "unique_schema_migrations" ON "schema_migrations" ("version")[0m
  [1m[35mActiveRecord::SchemaMigration Load (0.2ms)[0m  SELECT "schema_migrations".* FROM "schema_migrations"
Migrating to CreateUsers (20150401170015)
  [1m[36m (1.0ms)[0m  [1mbegin transaction[0m
  [1m[35m (0.6ms)[0m  CREATE TABLE "users" ("id" INTEGER PRIMARY KEY AUTOINCREMENT NOT NULL, "name" varchar, "email" varchar, "created_at" datetime NOT NULL, "updated_at" datetime NOT NULL) 
  [1m[36mSQL (0.4ms)[0m  [1mINSERT INTO "schema_migrations" ("version") VALUES (?)[0m  [["version", "20150401170015"]]
  [1m[35m (13.5ms)[0m  commit transaction
  [1m[36mActiveRecord::SchemaMigration Load (0.1ms)[0m  [1mSELECT "schema_migrations".* FROM "schema_migrations"[0m


Started GET "/" for 127.0.0.1 at 2015-04-01 13:28:53 -0400
  [1m[36mActiveRecord::SchemaMigration Load (0.2ms)[0m  [1mSELECT "schema_migrations".* FROM "schema_migrations"[0m
Processing by Rails::WelcomeController#index as HTML
  Rendered /home/cindy/.gem/ruby/2.2.0/gems/railties-4.2.0/lib/rails/templates/rails/welcome/index.html.erb (13.6ms)
Completed 200 OK in 105ms (Views: 68.9ms | ActiveRecord: 0.0ms)


Started GET "/users" for 127.0.0.1 at 2015-04-01 13:28:59 -0400
Processing by UsersController#index as HTML
  [1m[35mUser Load (1.1ms)[0m  SELECT "users".* FROM "users"
  Rendered users/index.html.erb within layouts/application (4.6ms)
Completed 500 Internal Server Error in 485ms

ExecJS::RuntimeUnavailable (Could not find a JavaScript runtime. See https://github.com/sstephenson/execjs for a list of available runtimes.
  (in /home/cindy/.gem/ruby/2.2.0/gems/turbolinks-2.3.0/lib/assets/javascripts/turbolinks.js.coffee)):
  app/views/layouts/application.html.erb:6:in `_app_views_layouts_application_html_erb__1722230249682975518_69977069305660'


  Rendered /home/cindy/.gem/ruby/2.2.0/gems/web-console-2.0.0.beta3/lib/action_dispatch/templates/rescues/_source.erb (26.9ms)
  Rendered /home/cindy/.gem/ruby/2.2.0/gems/web-console-2.0.0.beta3/lib/action_dispatch/templates/rescues/_trace.html.erb (14.6ms)
  Rendered /home/cindy/.gem/ruby/2.2.0/gems/web-console-2.0.0.beta3/lib/action_dispatch/templates/rescues/_request_and_response.html.erb (2.4ms)
  Rendered /home/cindy/.gem/ruby/2.2.0/gems/web-console-2.0.0.beta3/lib/action_dispatch/templates/rescues/_web_console.html.erb (1.3ms)
  Rendered /home/cindy/.gem/ruby/2.2.0/gems/web-console-2.0.0.beta3/lib/action_dispatch/templates/rescues/diagnostics.html.erb within rescues/layout (119.6ms)
